[debug] [2022-08-06T04:20:18.716Z] ----------------------------------------------------------------------
[debug] [2022-08-06T04:20:18.719Z] Command:       C:\Program Files\nodejs\node.exe C:\Users\hp\AppData\Roaming\npm\node_modules\firebase-tools\lib\bin\firebase.js emulators:start
[debug] [2022-08-06T04:20:18.720Z] CLI Version:   11.4.2
[debug] [2022-08-06T04:20:18.720Z] Platform:      win32
[debug] [2022-08-06T04:20:18.720Z] Node Version:  v16.15.1
[debug] [2022-08-06T04:20:18.725Z] Time:          Sat Aug 06 2022 09:50:18 GMT+0530 (India Standard Time)
[debug] [2022-08-06T04:20:18.726Z] ----------------------------------------------------------------------
[debug] 
[debug] [2022-08-06T04:20:18.824Z] > command requires scopes: ["email","openid","https://www.googleapis.com/auth/cloudplatformprojects.readonly","https://www.googleapis.com/auth/firebase","https://www.googleapis.com/auth/cloud-platform"]
[debug] [2022-08-06T04:20:18.825Z] > authorizing via signed-in user (nk5141030@gmail.com)
[info] i  emulators: Starting emulators: functions, hosting {"metadata":{"emulator":{"name":"hub"},"message":"Starting emulators: functions, hosting"}}
[debug] [2022-08-06T04:20:18.926Z] [hub] writing locator at C:\Users\hp\AppData\Local\Temp\hub-clone-66c30.json
[warn] !  functions: The following emulators are not running, calls to these services from the Functions emulator will affect production: auth, firestore, database, pubsub, storage {"metadata":{"emulator":{"name":"functions"},"message":"The following emulators are not running, calls to these services from the Functions emulator will affect production: \u001b[1mauth, firestore, database, pubsub, storage\u001b[22m"}}
[info] +  functions: Using node@16 from host. {"metadata":{"emulator":{"name":"functions"},"message":"Using node@16 from host."}}
[debug] [2022-08-06T04:20:20.062Z] defaultcredentials: writing to file C:\Users\hp\AppData\Roaming\firebase\nk5141030_gmail_com_application_default_credentials.json
[debug] [2022-08-06T04:20:20.068Z] Setting GAC to C:\Users\hp\AppData\Roaming\firebase\nk5141030_gmail_com_application_default_credentials.json {"metadata":{"emulator":{"name":"functions"},"message":"Setting GAC to C:\\Users\\hp\\AppData\\Roaming\\firebase\\nk5141030_gmail_com_application_default_credentials.json"}}
[debug] [2022-08-06T04:20:20.071Z] > refreshing access token with scopes: []
[debug] [2022-08-06T04:20:20.075Z] >>> [apiv2][query] POST https://www.googleapis.com/oauth2/v3/token [none]
[debug] [2022-08-06T04:20:20.075Z] >>> [apiv2][body] POST https://www.googleapis.com/oauth2/v3/token [omitted]
[debug] [2022-08-06T04:20:24.523Z] <<< [apiv2][status] POST https://www.googleapis.com/oauth2/v3/token 200
[debug] [2022-08-06T04:20:24.523Z] <<< [apiv2][body] POST https://www.googleapis.com/oauth2/v3/token [omitted]
[debug] [2022-08-06T04:20:24.540Z] >>> [apiv2][query] GET https://firebase.googleapis.com/v1beta1/projects/clone-66c30/adminSdkConfig [none]
[debug] [2022-08-06T04:20:27.387Z] <<< [apiv2][status] GET https://firebase.googleapis.com/v1beta1/projects/clone-66c30/adminSdkConfig 200
[debug] [2022-08-06T04:20:27.388Z] <<< [apiv2][body] GET https://firebase.googleapis.com/v1beta1/projects/clone-66c30/adminSdkConfig {"projectId":"clone-66c30","storageBucket":"clone-66c30.appspot.com"}
[debug] [2022-08-06T04:20:27.405Z] >>> [apiv2][query] GET https://firebasehosting.googleapis.com/v1beta1/projects/clone-66c30/sites 
[debug] [2022-08-06T04:20:32.169Z] <<< [apiv2][status] GET https://firebasehosting.googleapis.com/v1beta1/projects/clone-66c30/sites 200
[debug] [2022-08-06T04:20:32.169Z] <<< [apiv2][body] GET https://firebasehosting.googleapis.com/v1beta1/projects/clone-66c30/sites {"sites":[{"name":"projects/clone-66c30/sites/clone-66c30","defaultUrl":"https://clone-66c30.web.app","appId":"1:174888218084:web:1710cf75bc3710de50abf1","type":"DEFAULT_SITE"}]}
[debug] [2022-08-06T04:20:32.170Z] >>> [apiv2][query] GET https://firebase.googleapis.com/v1beta1/projects/clone-66c30/webApps/1:174888218084:web:1710cf75bc3710de50abf1/config [none]
[debug] [2022-08-06T04:20:35.069Z] <<< [apiv2][status] GET https://firebase.googleapis.com/v1beta1/projects/clone-66c30/webApps/1:174888218084:web:1710cf75bc3710de50abf1/config 200
[debug] [2022-08-06T04:20:35.069Z] <<< [apiv2][body] GET https://firebase.googleapis.com/v1beta1/projects/clone-66c30/webApps/1:174888218084:web:1710cf75bc3710de50abf1/config {"projectId":"clone-66c30","appId":"1:174888218084:web:1710cf75bc3710de50abf1","storageBucket":"clone-66c30.appspot.com","apiKey":"AIzaSyCVPfkqD8hnOawNwrquUoL3LKO1WxcvC_U","authDomain":"clone-66c30.firebaseapp.com","messagingSenderId":"174888218084","measurementId":"G-S3EG9QXZFC"}
[info] i  hosting: Serving hosting files from: build {"metadata":{"emulator":{"name":"hosting"},"message":"Serving hosting files from: \u001b[1mbuild\u001b[22m"}}
[info] +  hosting: Local server: http://localhost:5000 {"metadata":{"emulator":{"name":"hosting"},"message":"Local server: \u001b[4m\u001b[1mhttp://localhost:5000\u001b[22m\u001b[24m"}}
[info] i  ui: downloading ui-v1.8.1.zip... {"metadata":{"emulator":{"name":"ui"},"message":"downloading ui-v1.8.1.zip..."}}
[debug] [2022-08-06T04:20:35.162Z] >>> [apiv2][query] GET https://storage.googleapis.com/firebase-preview-drop/emulator/ui-v1.8.1.zip 
[debug] [2022-08-06T04:20:36.697Z] <<< [apiv2][status] GET https://storage.googleapis.com/firebase-preview-drop/emulator/ui-v1.8.1.zip 200
[debug] [2022-08-06T04:20:36.698Z] <<< [apiv2][body] GET https://storage.googleapis.com/firebase-preview-drop/emulator/ui-v1.8.1.zip [stream]
[debug] [2022-08-06T04:20:41.069Z] Ignoring unsupported arg: auto_download {"metadata":{"emulator":{"name":"ui"},"message":"Ignoring unsupported arg: auto_download"}}
[debug] [2022-08-06T04:20:41.070Z] Ignoring unsupported arg: port {"metadata":{"emulator":{"name":"ui"},"message":"Ignoring unsupported arg: port"}}
[debug] [2022-08-06T04:20:41.070Z] Starting Emulator UI with command {"binary":"node","args":["C:\\Users\\hp\\.cache\\firebase\\emulators\\ui-v1.8.1\\server\\server.js"],"optionalArgs":[],"joinArgs":false} {"metadata":{"emulator":{"name":"ui"},"message":"Starting Emulator UI with command {\"binary\":\"node\",\"args\":[\"C:\\\\Users\\\\hp\\\\.cache\\\\firebase\\\\emulators\\\\ui-v1.8.1\\\\server\\\\server.js\"],\"optionalArgs\":[],\"joinArgs\":false}"}}
[info] i  ui: Emulator UI logging to ui-debug.log {"metadata":{"emulator":{"name":"ui"},"message":"Emulator UI logging to \u001b[1mui-debug.log\u001b[22m"}}
[debug] [2022-08-06T04:20:41.374Z] Web / API server started at localhost:4000
 {"metadata":{"emulator":{"name":"ui"},"message":"Web / API server started at localhost:4000\n"}}
[info] i  functions: Watching "E:\React\amazon\functions" for Cloud Functions... {"metadata":{"emulator":{"name":"functions"},"message":"Watching \"E:\\React\\amazon\\functions\" for Cloud Functions..."}}
[debug] [2022-08-06T04:20:41.605Z] Validating nodejs source
[warn] !  functions: package.json indicates an outdated version of firebase-functions. Please upgrade using npm install --save firebase-functions@latest in your functions directory. 
[debug] [2022-08-06T04:20:47.608Z] > [functions] package.json contents: {
  "name": "functions",
  "description": "Cloud Functions for Firebase",
  "scripts": {
    "lint": "eslint .",
    "serve": "firebase emulators:start --only functions",
    "shell": "firebase functions:shell",
    "start": "npm run shell",
    "deploy": "firebase deploy --only functions",
    "logs": "firebase functions:log"
  },
  "engines": {
    "node": "16"
  },
  "main": "index.js",
  "dependencies": {
    "cors": "^2.8.5",
    "express": "^4.18.1",
    "firebase-admin": "^10.0.2",
    "firebase-functions": "^3.6.1",
    "stripe": "^10.0.0"
  },
  "devDependencies": {
    "eslint": "^8.9.0",
    "eslint-config-google": "^0.14.0",
    "firebase-functions-test": "^0.2.0"
  },
  "private": true
}
[debug] [2022-08-06T04:20:47.608Z] Building nodejs source
[debug] [2022-08-06T04:20:47.608Z] Analyzing nodejs backend spec
[warn] !  functions: You are using an old version of firebase-functions SDK (3.6.1). Please update firebase-functions SDK to >=3.20.0 
[info] 
┌─────────────────────────────────────────────────────────────┐
│ ✔  All emulators ready! It is now safe to connect your app. │
│ i  View Emulator UI at http://localhost:4000                │
└─────────────────────────────────────────────────────────────┘

┌───────────┬────────────────┬─────────────────────────────────┐
│ Emulator  │ Host:Port      │ View in Emulator UI             │
├───────────┼────────────────┼─────────────────────────────────┤
│ Functions │ localhost:5001 │ http://localhost:4000/functions │
├───────────┼────────────────┼─────────────────────────────────┤
│ Hosting   │ localhost:5000 │ n/a                             │
└───────────┴────────────────┴─────────────────────────────────┘
  Emulator Hub running at localhost:4400
  Other reserved ports: 4500

Issues? Report them at https://github.com/firebase/firebase-tools/issues and attach the *-debug.log files.
 
